<?xml version="1.0" encoding="UTF-8"?>
<robot generator="Robot 6.1.1 (Python 3.11.5 on darwin)" generated="20231117 14:31:04.314" rpa="false" schemaversion="4">
<suite id="s1" name="Tests" source="/Users/ellamatilda/palautusrepositorio/viikko3/hello-robot/src/tests">
<suite id="s1-s1" name="Increase Counter" source="/Users/ellamatilda/palautusrepositorio/viikko3/hello-robot/src/tests/increase_counter.robot">
<test id="s1-s1-t1" name="Increase Counter Once" line="5">
<kw name="Counter Value Should Be" library="CounterLibrary">
<arg>0</arg>
<status status="PASS" starttime="20231117 14:31:04.386" endtime="20231117 14:31:04.386"/>
</kw>
<kw name="Increase Counter" library="CounterLibrary">
<status status="PASS" starttime="20231117 14:31:04.387" endtime="20231117 14:31:04.387"/>
</kw>
<kw name="Counter Value Should Be" library="CounterLibrary">
<arg>1</arg>
<status status="PASS" starttime="20231117 14:31:04.387" endtime="20231117 14:31:04.387"/>
</kw>
<status status="PASS" starttime="20231117 14:31:04.386" endtime="20231117 14:31:04.387"/>
</test>
<test id="s1-s1-t2" name="Increase Counter Many Times" line="10">
<kw name="Counter Value Should Be" library="CounterLibrary">
<arg>0</arg>
<status status="PASS" starttime="20231117 14:31:04.388" endtime="20231117 14:31:04.388"/>
</kw>
<kw name="Increase Counter" library="CounterLibrary">
<status status="PASS" starttime="20231117 14:31:04.388" endtime="20231117 14:31:04.388"/>
</kw>
<kw name="Increase Counter" library="CounterLibrary">
<status status="PASS" starttime="20231117 14:31:04.388" endtime="20231117 14:31:04.389"/>
</kw>
<kw name="Increase Counter" library="CounterLibrary">
<status status="PASS" starttime="20231117 14:31:04.389" endtime="20231117 14:31:04.389"/>
</kw>
<kw name="Counter Value Should Be" library="CounterLibrary">
<arg>3</arg>
<status status="PASS" starttime="20231117 14:31:04.389" endtime="20231117 14:31:04.389"/>
</kw>
<status status="PASS" starttime="20231117 14:31:04.388" endtime="20231117 14:31:04.389"/>
</test>
<test id="s1-s1-t3" name="Increment Counter By Amount" line="17">
<kw name="Counter Value Should Be" library="CounterLibrary">
<arg>0</arg>
<status status="PASS" starttime="20231117 14:31:04.390" endtime="20231117 14:31:04.390"/>
</kw>
<kw name="Increment Counter By" library="CounterLibrary">
<arg>5</arg>
<status status="PASS" starttime="20231117 14:31:04.390" endtime="20231117 14:31:04.390"/>
</kw>
<kw name="Counter Value Should Be" library="CounterLibrary">
<arg>5</arg>
<status status="PASS" starttime="20231117 14:31:04.390" endtime="20231117 14:31:04.390"/>
</kw>
<status status="PASS" starttime="20231117 14:31:04.389" endtime="20231117 14:31:04.390"/>
</test>
<status status="PASS" starttime="20231117 14:31:04.379" endtime="20231117 14:31:04.391"/>
</suite>
<status status="PASS" starttime="20231117 14:31:04.316" endtime="20231117 14:31:04.392"/>
</suite>
<statistics>
<total>
<stat pass="3" fail="0" skip="0">All Tests</stat>
</total>
<tag>
</tag>
<suite>
<stat pass="3" fail="0" skip="0" id="s1" name="Tests">Tests</stat>
<stat pass="3" fail="0" skip="0" id="s1-s1" name="Increase Counter">Tests.Increase Counter</stat>
</suite>
</statistics>
<errors>
</errors>
</robot>
