<?xml version="1.0" encoding="UTF-8"?>
<robot generator="Robot 6.1.1 (Python 3.11.5 on darwin)" generated="20231117 17:05:49.353" rpa="false" schemaversion="4">
<suite id="s1" name="Tests" source="/Users/ellamatilda/palautusrepositorio/viikko3/login-robot/src/tests">
<suite id="s1-s1" name="Login" source="/Users/ellamatilda/palautusrepositorio/viikko3/login-robot/src/tests/login.robot">
<test id="s1-s1-t1" name="Login With Correct Credentials" line="6">
<kw name="Create User And Input Login Command" type="SETUP">
<kw name="Create User" library="AppLibrary">
<arg>kalle</arg>
<arg>kalle123</arg>
<status status="PASS" starttime="20231117 17:05:49.385" endtime="20231117 17:05:49.385"/>
</kw>
<kw name="Input Login Command" library="resource">
<kw name="Input" library="AppLibrary">
<arg>login</arg>
<status status="PASS" starttime="20231117 17:05:49.386" endtime="20231117 17:05:49.386"/>
</kw>
<status status="PASS" starttime="20231117 17:05:49.385" endtime="20231117 17:05:49.386"/>
</kw>
<status status="PASS" starttime="20231117 17:05:49.385" endtime="20231117 17:05:49.386"/>
</kw>
<kw name="Input Credentials" library="resource">
<arg>kalle</arg>
<arg>kalle123</arg>
<kw name="Input" library="AppLibrary">
<arg>${username}</arg>
<status status="PASS" starttime="20231117 17:05:49.386" endtime="20231117 17:05:49.386"/>
</kw>
<kw name="Input" library="AppLibrary">
<arg>${password}</arg>
<status status="PASS" starttime="20231117 17:05:49.387" endtime="20231117 17:05:49.387"/>
</kw>
<kw name="Run Application" library="AppLibrary">
<status status="PASS" starttime="20231117 17:05:49.387" endtime="20231117 17:05:49.387"/>
</kw>
<status status="PASS" starttime="20231117 17:05:49.386" endtime="20231117 17:05:49.387"/>
</kw>
<kw name="Output Should Contain" library="AppLibrary">
<arg>Logged in</arg>
<status status="PASS" starttime="20231117 17:05:49.387" endtime="20231117 17:05:49.387"/>
</kw>
<status status="PASS" starttime="20231117 17:05:49.384" endtime="20231117 17:05:49.387"/>
</test>
<test id="s1-s1-t2" name="Login With Incorrect Password" line="10">
<kw name="Create User And Input Login Command" type="SETUP">
<kw name="Create User" library="AppLibrary">
<arg>kalle</arg>
<arg>kalle123</arg>
<status status="PASS" starttime="20231117 17:05:49.388" endtime="20231117 17:05:49.388"/>
</kw>
<kw name="Input Login Command" library="resource">
<kw name="Input" library="AppLibrary">
<arg>login</arg>
<status status="PASS" starttime="20231117 17:05:49.388" endtime="20231117 17:05:49.389"/>
</kw>
<status status="PASS" starttime="20231117 17:05:49.388" endtime="20231117 17:05:49.389"/>
</kw>
<status status="PASS" starttime="20231117 17:05:49.388" endtime="20231117 17:05:49.389"/>
</kw>
<kw name="Input Credentials" library="resource">
<arg>kalle</arg>
<arg>kalle321</arg>
<kw name="Input" library="AppLibrary">
<arg>${username}</arg>
<status status="PASS" starttime="20231117 17:05:49.389" endtime="20231117 17:05:49.389"/>
</kw>
<kw name="Input" library="AppLibrary">
<arg>${password}</arg>
<status status="PASS" starttime="20231117 17:05:49.389" endtime="20231117 17:05:49.389"/>
</kw>
<kw name="Run Application" library="AppLibrary">
<status status="PASS" starttime="20231117 17:05:49.389" endtime="20231117 17:05:49.389"/>
</kw>
<status status="PASS" starttime="20231117 17:05:49.389" endtime="20231117 17:05:49.390"/>
</kw>
<kw name="Output Should Contain" library="AppLibrary">
<arg>Invalid username or password</arg>
<status status="PASS" starttime="20231117 17:05:49.390" endtime="20231117 17:05:49.390"/>
</kw>
<status status="PASS" starttime="20231117 17:05:49.388" endtime="20231117 17:05:49.390"/>
</test>
<test id="s1-s1-t3" name="Login With Nonexistent Username" line="14">
<kw name="Create User And Input Login Command" type="SETUP">
<kw name="Create User" library="AppLibrary">
<arg>kalle</arg>
<arg>kalle123</arg>
<status status="PASS" starttime="20231117 17:05:49.391" endtime="20231117 17:05:49.391"/>
</kw>
<kw name="Input Login Command" library="resource">
<kw name="Input" library="AppLibrary">
<arg>login</arg>
<status status="PASS" starttime="20231117 17:05:49.391" endtime="20231117 17:05:49.391"/>
</kw>
<status status="PASS" starttime="20231117 17:05:49.391" endtime="20231117 17:05:49.391"/>
</kw>
<status status="PASS" starttime="20231117 17:05:49.390" endtime="20231117 17:05:49.391"/>
</kw>
<kw name="Input Credentials" library="resource">
<arg>kati</arg>
<arg>kalle123</arg>
<kw name="Input" library="AppLibrary">
<arg>${username}</arg>
<status status="PASS" starttime="20231117 17:05:49.392" endtime="20231117 17:05:49.392"/>
</kw>
<kw name="Input" library="AppLibrary">
<arg>${password}</arg>
<status status="PASS" starttime="20231117 17:05:49.392" endtime="20231117 17:05:49.392"/>
</kw>
<kw name="Run Application" library="AppLibrary">
<status status="PASS" starttime="20231117 17:05:49.392" endtime="20231117 17:05:49.392"/>
</kw>
<status status="PASS" starttime="20231117 17:05:49.391" endtime="20231117 17:05:49.392"/>
</kw>
<kw name="Output Should Contain" library="AppLibrary">
<arg>Invalid username or password</arg>
<status status="PASS" starttime="20231117 17:05:49.392" endtime="20231117 17:05:49.392"/>
</kw>
<status status="PASS" starttime="20231117 17:05:49.390" endtime="20231117 17:05:49.392"/>
</test>
<status status="PASS" starttime="20231117 17:05:49.375" endtime="20231117 17:05:49.393"/>
</suite>
<suite id="s1-s2" name="Register" source="/Users/ellamatilda/palautusrepositorio/viikko3/login-robot/src/tests/register.robot">
<test id="s1-s2-t1" name="Register With Valid Username And Password" line="11">
<kw name="Input New Command And Create User" type="SETUP">
<kw name="Input New Command" library="resource">
<kw name="Input" library="AppLibrary">
<arg>new</arg>
<status status="PASS" starttime="20231117 17:05:49.397" endtime="20231117 17:05:49.397"/>
</kw>
<status status="PASS" starttime="20231117 17:05:49.396" endtime="20231117 17:05:49.397"/>
</kw>
<kw name="Create User" library="AppLibrary">
<arg>kalle</arg>
<arg>kalle123</arg>
<status status="PASS" starttime="20231117 17:05:49.397" endtime="20231117 17:05:49.397"/>
</kw>
<status status="PASS" starttime="20231117 17:05:49.396" endtime="20231117 17:05:49.397"/>
</kw>
<kw name="Input Credentials" library="resource">
<arg>matti</arg>
<arg>matti1234</arg>
<kw name="Input" library="AppLibrary">
<arg>${username}</arg>
<status status="PASS" starttime="20231117 17:05:49.397" endtime="20231117 17:05:49.397"/>
</kw>
<kw name="Input" library="AppLibrary">
<arg>${password}</arg>
<status status="PASS" starttime="20231117 17:05:49.397" endtime="20231117 17:05:49.398"/>
</kw>
<kw name="Run Application" library="AppLibrary">
<status status="PASS" starttime="20231117 17:05:49.398" endtime="20231117 17:05:49.398"/>
</kw>
<status status="PASS" starttime="20231117 17:05:49.397" endtime="20231117 17:05:49.398"/>
</kw>
<kw name="Output Should Contain" library="AppLibrary">
<arg>New user registered</arg>
<status status="PASS" starttime="20231117 17:05:49.398" endtime="20231117 17:05:49.398"/>
</kw>
<status status="PASS" starttime="20231117 17:05:49.396" endtime="20231117 17:05:49.398"/>
</test>
<test id="s1-s2-t2" name="Register With Already Taken Username And Valid Password" line="15">
<kw name="Input New Command And Create User" type="SETUP">
<kw name="Input New Command" library="resource">
<kw name="Input" library="AppLibrary">
<arg>new</arg>
<status status="PASS" starttime="20231117 17:05:49.399" endtime="20231117 17:05:49.399"/>
</kw>
<status status="PASS" starttime="20231117 17:05:49.399" endtime="20231117 17:05:49.399"/>
</kw>
<kw name="Create User" library="AppLibrary">
<arg>kalle</arg>
<arg>kalle123</arg>
<status status="PASS" starttime="20231117 17:05:49.399" endtime="20231117 17:05:49.399"/>
</kw>
<status status="PASS" starttime="20231117 17:05:49.399" endtime="20231117 17:05:49.399"/>
</kw>
<kw name="Input Credentials" library="resource">
<arg>kalle</arg>
<arg>matti1234</arg>
<kw name="Input" library="AppLibrary">
<arg>${username}</arg>
<status status="PASS" starttime="20231117 17:05:49.400" endtime="20231117 17:05:49.400"/>
</kw>
<kw name="Input" library="AppLibrary">
<arg>${password}</arg>
<status status="PASS" starttime="20231117 17:05:49.400" endtime="20231117 17:05:49.400"/>
</kw>
<kw name="Run Application" library="AppLibrary">
<status status="PASS" starttime="20231117 17:05:49.400" endtime="20231117 17:05:49.400"/>
</kw>
<status status="PASS" starttime="20231117 17:05:49.400" endtime="20231117 17:05:49.400"/>
</kw>
<kw name="Output Should Contain" library="AppLibrary">
<arg>User with username kalle already exists</arg>
<status status="PASS" starttime="20231117 17:05:49.400" endtime="20231117 17:05:49.401"/>
</kw>
<status status="PASS" starttime="20231117 17:05:49.398" endtime="20231117 17:05:49.401"/>
</test>
<test id="s1-s2-t3" name="Register With Too Short Username And Valid Password" line="19">
<kw name="Input New Command And Create User" type="SETUP">
<kw name="Input New Command" library="resource">
<kw name="Input" library="AppLibrary">
<arg>new</arg>
<status status="PASS" starttime="20231117 17:05:49.402" endtime="20231117 17:05:49.402"/>
</kw>
<status status="PASS" starttime="20231117 17:05:49.401" endtime="20231117 17:05:49.402"/>
</kw>
<kw name="Create User" library="AppLibrary">
<arg>kalle</arg>
<arg>kalle123</arg>
<status status="PASS" starttime="20231117 17:05:49.402" endtime="20231117 17:05:49.402"/>
</kw>
<status status="PASS" starttime="20231117 17:05:49.401" endtime="20231117 17:05:49.402"/>
</kw>
<kw name="Input Credentials" library="resource">
<arg>mo</arg>
<arg>matti1234</arg>
<kw name="Input" library="AppLibrary">
<arg>${username}</arg>
<status status="PASS" starttime="20231117 17:05:49.402" endtime="20231117 17:05:49.402"/>
</kw>
<kw name="Input" library="AppLibrary">
<arg>${password}</arg>
<status status="PASS" starttime="20231117 17:05:49.402" endtime="20231117 17:05:49.403"/>
</kw>
<kw name="Run Application" library="AppLibrary">
<status status="PASS" starttime="20231117 17:05:49.403" endtime="20231117 17:05:49.403"/>
</kw>
<status status="PASS" starttime="20231117 17:05:49.402" endtime="20231117 17:05:49.403"/>
</kw>
<kw name="Output Should Contain" library="AppLibrary">
<arg>Username is too short</arg>
<status status="PASS" starttime="20231117 17:05:49.403" endtime="20231117 17:05:49.403"/>
</kw>
<status status="PASS" starttime="20231117 17:05:49.401" endtime="20231117 17:05:49.403"/>
</test>
<test id="s1-s2-t4" name="Register With Enough Long But Invalid Username And Valid Password" line="23">
<kw name="Input New Command And Create User" type="SETUP">
<kw name="Input New Command" library="resource">
<kw name="Input" library="AppLibrary">
<arg>new</arg>
<status status="PASS" starttime="20231117 17:05:49.404" endtime="20231117 17:05:49.404"/>
</kw>
<status status="PASS" starttime="20231117 17:05:49.404" endtime="20231117 17:05:49.404"/>
</kw>
<kw name="Create User" library="AppLibrary">
<arg>kalle</arg>
<arg>kalle123</arg>
<status status="PASS" starttime="20231117 17:05:49.404" endtime="20231117 17:05:49.404"/>
</kw>
<status status="PASS" starttime="20231117 17:05:49.404" endtime="20231117 17:05:49.404"/>
</kw>
<kw name="Input Credentials" library="resource">
<arg>Kalle</arg>
<arg>matti1234</arg>
<kw name="Input" library="AppLibrary">
<arg>${username}</arg>
<status status="PASS" starttime="20231117 17:05:49.405" endtime="20231117 17:05:49.405"/>
</kw>
<kw name="Input" library="AppLibrary">
<arg>${password}</arg>
<status status="PASS" starttime="20231117 17:05:49.405" endtime="20231117 17:05:49.405"/>
</kw>
<kw name="Run Application" library="AppLibrary">
<status status="PASS" starttime="20231117 17:05:49.405" endtime="20231117 17:05:49.405"/>
</kw>
<status status="PASS" starttime="20231117 17:05:49.405" endtime="20231117 17:05:49.405"/>
</kw>
<kw name="Output Should Contain" library="AppLibrary">
<arg>Username must contain only lower case chraracters</arg>
<status status="PASS" starttime="20231117 17:05:49.405" endtime="20231117 17:05:49.405"/>
</kw>
<status status="PASS" starttime="20231117 17:05:49.403" endtime="20231117 17:05:49.406"/>
</test>
<test id="s1-s2-t5" name="Register With Valid Username And Too Short Password" line="27">
<kw name="Input New Command And Create User" type="SETUP">
<kw name="Input New Command" library="resource">
<kw name="Input" library="AppLibrary">
<arg>new</arg>
<status status="PASS" starttime="20231117 17:05:49.406" endtime="20231117 17:05:49.407"/>
</kw>
<status status="PASS" starttime="20231117 17:05:49.406" endtime="20231117 17:05:49.407"/>
</kw>
<kw name="Create User" library="AppLibrary">
<arg>kalle</arg>
<arg>kalle123</arg>
<status status="PASS" starttime="20231117 17:05:49.407" endtime="20231117 17:05:49.407"/>
</kw>
<status status="PASS" starttime="20231117 17:05:49.406" endtime="20231117 17:05:49.407"/>
</kw>
<kw name="Input Credentials" library="resource">
<arg>matti</arg>
<arg>matti1</arg>
<kw name="Input" library="AppLibrary">
<arg>${username}</arg>
<status status="PASS" starttime="20231117 17:05:49.407" endtime="20231117 17:05:49.407"/>
</kw>
<kw name="Input" library="AppLibrary">
<arg>${password}</arg>
<status status="PASS" starttime="20231117 17:05:49.407" endtime="20231117 17:05:49.407"/>
</kw>
<kw name="Run Application" library="AppLibrary">
<status status="PASS" starttime="20231117 17:05:49.407" endtime="20231117 17:05:49.408"/>
</kw>
<status status="PASS" starttime="20231117 17:05:49.407" endtime="20231117 17:05:49.408"/>
</kw>
<kw name="Output Should Contain" library="AppLibrary">
<arg>Password must be at least 8 chraracters long</arg>
<status status="PASS" starttime="20231117 17:05:49.408" endtime="20231117 17:05:49.408"/>
</kw>
<status status="PASS" starttime="20231117 17:05:49.406" endtime="20231117 17:05:49.408"/>
</test>
<test id="s1-s2-t6" name="Register With Valid Username And Long Enough Password Containing Only Letters" line="31">
<kw name="Input New Command And Create User" type="SETUP">
<kw name="Input New Command" library="resource">
<kw name="Input" library="AppLibrary">
<arg>new</arg>
<status status="PASS" starttime="20231117 17:05:49.409" endtime="20231117 17:05:49.409"/>
</kw>
<status status="PASS" starttime="20231117 17:05:49.409" endtime="20231117 17:05:49.409"/>
</kw>
<kw name="Create User" library="AppLibrary">
<arg>kalle</arg>
<arg>kalle123</arg>
<status status="PASS" starttime="20231117 17:05:49.409" endtime="20231117 17:05:49.409"/>
</kw>
<status status="PASS" starttime="20231117 17:05:49.409" endtime="20231117 17:05:49.409"/>
</kw>
<kw name="Input Credentials" library="resource">
<arg>matti</arg>
<arg>mattimoi</arg>
<kw name="Input" library="AppLibrary">
<arg>${username}</arg>
<status status="PASS" starttime="20231117 17:05:49.410" endtime="20231117 17:05:49.410"/>
</kw>
<kw name="Input" library="AppLibrary">
<arg>${password}</arg>
<status status="PASS" starttime="20231117 17:05:49.410" endtime="20231117 17:05:49.410"/>
</kw>
<kw name="Run Application" library="AppLibrary">
<status status="PASS" starttime="20231117 17:05:49.410" endtime="20231117 17:05:49.410"/>
</kw>
<status status="PASS" starttime="20231117 17:05:49.409" endtime="20231117 17:05:49.410"/>
</kw>
<kw name="Output Should Contain" library="AppLibrary">
<arg>Password may not only contain lower case chraracters</arg>
<status status="PASS" starttime="20231117 17:05:49.410" endtime="20231117 17:05:49.410"/>
</kw>
<status status="PASS" starttime="20231117 17:05:49.408" endtime="20231117 17:05:49.410"/>
</test>
<status status="PASS" starttime="20231117 17:05:49.394" endtime="20231117 17:05:49.411"/>
</suite>
<status status="PASS" starttime="20231117 17:05:49.355" endtime="20231117 17:05:49.411"/>
</suite>
<statistics>
<total>
<stat pass="9" fail="0" skip="0">All Tests</stat>
</total>
<tag>
</tag>
<suite>
<stat pass="9" fail="0" skip="0" id="s1" name="Tests">Tests</stat>
<stat pass="3" fail="0" skip="0" id="s1-s1" name="Login">Tests.Login</stat>
<stat pass="6" fail="0" skip="0" id="s1-s2" name="Register">Tests.Register</stat>
</suite>
</statistics>
<errors>
</errors>
</robot>
