<?xml version="1.0" encoding="UTF-8"?>
<robot generator="Robot 6.1.1 (Python 3.11.5 on darwin)" generated="20231120 14:50:37.695" rpa="false" schemaversion="4">
<suite id="s1" name="Tests" source="/Users/ellamatilda/palautusrepositorio/viikko3/web-login/src/tests">
<suite id="s1-s1" name="Home" source="/Users/ellamatilda/palautusrepositorio/viikko3/web-login/src/tests/home.robot">
<kw name="Open And Configure Browser" library="resource" type="SETUP">
<kw name="Evaluate" library="BuiltIn">
<var>${options}</var>
<arg>sys.modules['selenium.webdriver'].ChromeOptions()</arg>
<arg>sys</arg>
<doc>Evaluates the given expression in Python and returns the result.</doc>
<msg timestamp="20231120 14:50:38.132" level="INFO">${options} = &lt;selenium.webdriver.chrome.options.Options object at 0x102f01110&gt;</msg>
<status status="PASS" starttime="20231120 14:50:38.131" endtime="20231120 14:50:38.132"/>
</kw>
<kw name="Call Method" library="BuiltIn">
<arg>${options}</arg>
<arg>add_argument</arg>
<arg>--no-sandbox</arg>
<doc>Calls the named method of the given object with the provided arguments.</doc>
<status status="PASS" starttime="20231120 14:50:38.132" endtime="20231120 14:50:38.133"/>
</kw>
<kw name="Open Browser" library="SeleniumLibrary">
<arg>browser=chrome</arg>
<arg>options=${options}</arg>
<doc>Opens a new browser instance to the optional ``url``.</doc>
<msg timestamp="20231120 14:50:38.133" level="INFO">Opening browser 'chrome' to base url 'None'.</msg>
<status status="PASS" starttime="20231120 14:50:38.133" endtime="20231120 14:50:40.851"/>
</kw>
<kw name="Set Selenium Speed" library="SeleniumLibrary">
<arg>${DELAY}</arg>
<doc>Sets the delay that is waited after each Selenium command.</doc>
<status status="PASS" starttime="20231120 14:50:40.852" endtime="20231120 14:50:40.854"/>
</kw>
<status status="PASS" starttime="20231120 14:50:38.130" endtime="20231120 14:50:40.855"/>
</kw>
<test id="s1-s1-t1" name="Click Login Link" line="8">
<kw name="Go To Starting Page" library="resource" type="SETUP">
<kw name="Go To" library="SeleniumLibrary">
<arg>${HOME_URL}</arg>
<doc>Navigates the current browser window to the provided ``url``.</doc>
<msg timestamp="20231120 14:50:40.860" level="INFO">Opening url 'http://localhost:5001'</msg>
<status status="PASS" starttime="20231120 14:50:40.860" endtime="20231120 14:50:41.885"/>
</kw>
<status status="PASS" starttime="20231120 14:50:40.860" endtime="20231120 14:50:41.885"/>
</kw>
<kw name="Click Link" library="SeleniumLibrary">
<arg>Login</arg>
<doc>Clicks a link identified by ``locator``.</doc>
<msg timestamp="20231120 14:50:41.889" level="INFO">Clicking link 'Login'.</msg>
<status status="PASS" starttime="20231120 14:50:41.886" endtime="20231120 14:50:43.563"/>
</kw>
<kw name="Login Page Should Be Open" library="resource">
<kw name="Title Should Be" library="SeleniumLibrary">
<arg>Login</arg>
<doc>Verifies that the current page title equals ``title``.</doc>
<msg timestamp="20231120 14:50:44.079" level="INFO">Page title is 'Login'.</msg>
<status status="PASS" starttime="20231120 14:50:43.564" endtime="20231120 14:50:44.080"/>
</kw>
<status status="PASS" starttime="20231120 14:50:43.564" endtime="20231120 14:50:44.080"/>
</kw>
<status status="PASS" starttime="20231120 14:50:40.855" endtime="20231120 14:50:44.081"/>
</test>
<test id="s1-s1-t2" name="Click Register Link" line="12">
<kw name="Go To Starting Page" library="resource" type="SETUP">
<kw name="Go To" library="SeleniumLibrary">
<arg>${HOME_URL}</arg>
<doc>Navigates the current browser window to the provided ``url``.</doc>
<msg timestamp="20231120 14:50:44.083" level="INFO">Opening url 'http://localhost:5001'</msg>
<status status="PASS" starttime="20231120 14:50:44.083" endtime="20231120 14:50:44.639"/>
</kw>
<status status="PASS" starttime="20231120 14:50:44.082" endtime="20231120 14:50:44.639"/>
</kw>
<kw name="Click Link" library="SeleniumLibrary">
<arg>Register new user</arg>
<doc>Clicks a link identified by ``locator``.</doc>
<msg timestamp="20231120 14:50:44.641" level="INFO">Clicking link 'Register new user'.</msg>
<status status="PASS" starttime="20231120 14:50:44.640" endtime="20231120 14:50:46.348"/>
</kw>
<kw name="Register Page Should Be Open" library="resource">
<kw name="Title Should Be" library="SeleniumLibrary">
<arg>Register</arg>
<doc>Verifies that the current page title equals ``title``.</doc>
<msg timestamp="20231120 14:50:46.856" level="INFO">Page title is 'Register'.</msg>
<status status="PASS" starttime="20231120 14:50:46.349" endtime="20231120 14:50:46.857"/>
</kw>
<status status="PASS" starttime="20231120 14:50:46.348" endtime="20231120 14:50:46.857"/>
</kw>
<status status="PASS" starttime="20231120 14:50:44.082" endtime="20231120 14:50:46.857"/>
</test>
<kw name="Close Browser" library="SeleniumLibrary" type="TEARDOWN">
<doc>Closes the current browser.</doc>
<status status="PASS" starttime="20231120 14:50:46.861" endtime="20231120 14:50:47.508"/>
</kw>
<status status="PASS" starttime="20231120 14:50:37.732" endtime="20231120 14:50:47.508"/>
</suite>
<suite id="s1-s2" name="Login" source="/Users/ellamatilda/palautusrepositorio/viikko3/web-login/src/tests/login.robot">
<kw name="Open And Configure Browser" library="resource" type="SETUP">
<kw name="Evaluate" library="BuiltIn">
<var>${options}</var>
<arg>sys.modules['selenium.webdriver'].ChromeOptions()</arg>
<arg>sys</arg>
<doc>Evaluates the given expression in Python and returns the result.</doc>
<msg timestamp="20231120 14:50:47.516" level="INFO">${options} = &lt;selenium.webdriver.chrome.options.Options object at 0x102f35f50&gt;</msg>
<status status="PASS" starttime="20231120 14:50:47.515" endtime="20231120 14:50:47.516"/>
</kw>
<kw name="Call Method" library="BuiltIn">
<arg>${options}</arg>
<arg>add_argument</arg>
<arg>--no-sandbox</arg>
<doc>Calls the named method of the given object with the provided arguments.</doc>
<status status="PASS" starttime="20231120 14:50:47.516" endtime="20231120 14:50:47.516"/>
</kw>
<kw name="Open Browser" library="SeleniumLibrary">
<arg>browser=chrome</arg>
<arg>options=${options}</arg>
<doc>Opens a new browser instance to the optional ``url``.</doc>
<msg timestamp="20231120 14:50:47.517" level="INFO">Opening browser 'chrome' to base url 'None'.</msg>
<status status="PASS" starttime="20231120 14:50:47.516" endtime="20231120 14:50:50.353"/>
</kw>
<kw name="Set Selenium Speed" library="SeleniumLibrary">
<arg>${DELAY}</arg>
<doc>Sets the delay that is waited after each Selenium command.</doc>
<status status="PASS" starttime="20231120 14:50:50.354" endtime="20231120 14:50:50.354"/>
</kw>
<status status="PASS" starttime="20231120 14:50:47.515" endtime="20231120 14:50:50.354"/>
</kw>
<test id="s1-s2-t1" name="Login With Correct Credentials" line="8">
<kw name="Create User And Go To Login Page" type="SETUP">
<kw name="Create User" library="AppLibrary">
<arg>kalle</arg>
<arg>kalle123</arg>
<status status="PASS" starttime="20231120 14:50:50.356" endtime="20231120 14:50:50.377"/>
</kw>
<kw name="Go To Login Page" library="resource">
<kw name="Go To" library="SeleniumLibrary">
<arg>${LOGIN_URL}</arg>
<doc>Navigates the current browser window to the provided ``url``.</doc>
<msg timestamp="20231120 14:50:50.377" level="INFO">Opening url 'http://localhost:5001/login'</msg>
<status status="PASS" starttime="20231120 14:50:50.377" endtime="20231120 14:50:51.078"/>
</kw>
<status status="PASS" starttime="20231120 14:50:50.377" endtime="20231120 14:50:51.078"/>
</kw>
<kw name="Login Page Should Be Open" library="resource">
<kw name="Title Should Be" library="SeleniumLibrary">
<arg>Login</arg>
<doc>Verifies that the current page title equals ``title``.</doc>
<msg timestamp="20231120 14:50:51.591" level="INFO">Page title is 'Login'.</msg>
<status status="PASS" starttime="20231120 14:50:51.079" endtime="20231120 14:50:51.592"/>
</kw>
<status status="PASS" starttime="20231120 14:50:51.078" endtime="20231120 14:50:51.592"/>
</kw>
<status status="PASS" starttime="20231120 14:50:50.355" endtime="20231120 14:50:51.592"/>
</kw>
<kw name="Set Username">
<arg>kalle</arg>
<kw name="Input Text" library="SeleniumLibrary">
<arg>username</arg>
<arg>${username}</arg>
<doc>Types the given ``text`` into the text field identified by ``locator``.</doc>
<msg timestamp="20231120 14:50:51.595" level="INFO">Typing text 'kalle' into text field 'username'.</msg>
<status status="PASS" starttime="20231120 14:50:51.593" endtime="20231120 14:50:53.418"/>
</kw>
<status status="PASS" starttime="20231120 14:50:51.592" endtime="20231120 14:50:53.418"/>
</kw>
<kw name="Set Password">
<arg>kalle123</arg>
<kw name="Input Password" library="SeleniumLibrary">
<arg>password</arg>
<arg>${password}</arg>
<doc>Types the given password into the text field identified by ``locator``.</doc>
<msg timestamp="20231120 14:50:53.420" level="INFO">Typing password into text field 'password'.</msg>
<msg timestamp="20231120 14:50:54.485" level="INFO">Temporally setting log level to: NONE</msg>
<msg timestamp="20231120 14:50:55.055" level="INFO">Log level changed from NONE to INFO.</msg>
<status status="PASS" starttime="20231120 14:50:53.419" endtime="20231120 14:50:55.055"/>
</kw>
<status status="PASS" starttime="20231120 14:50:53.419" endtime="20231120 14:50:55.056"/>
</kw>
<kw name="Submit Credentials">
<kw name="Click Button" library="SeleniumLibrary">
<arg>Login</arg>
<doc>Clicks the button identified by ``locator``.</doc>
<msg timestamp="20231120 14:50:55.058" level="INFO">Clicking button 'Login'.</msg>
<status status="PASS" starttime="20231120 14:50:55.057" endtime="20231120 14:50:57.228"/>
</kw>
<status status="PASS" starttime="20231120 14:50:55.056" endtime="20231120 14:50:57.228"/>
</kw>
<kw name="Login Should Succeed">
<kw name="Main Page Should Be Open" library="resource">
<kw name="Title Should Be" library="SeleniumLibrary">
<arg>Ohtu Application main page</arg>
<doc>Verifies that the current page title equals ``title``.</doc>
<msg timestamp="20231120 14:50:57.739" level="INFO">Page title is 'Ohtu Application main page'.</msg>
<status status="PASS" starttime="20231120 14:50:57.230" endtime="20231120 14:50:57.739"/>
</kw>
<status status="PASS" starttime="20231120 14:50:57.230" endtime="20231120 14:50:57.739"/>
</kw>
<status status="PASS" starttime="20231120 14:50:57.229" endtime="20231120 14:50:57.739"/>
</kw>
<status status="PASS" starttime="20231120 14:50:50.355" endtime="20231120 14:50:57.740"/>
</test>
<test id="s1-s2-t2" name="Login With Incorrect Password" line="14">
<kw name="Create User And Go To Login Page" type="SETUP">
<kw name="Create User" library="AppLibrary">
<arg>kalle</arg>
<arg>kalle123</arg>
<status status="PASS" starttime="20231120 14:50:57.742" endtime="20231120 14:50:57.760"/>
</kw>
<kw name="Go To Login Page" library="resource">
<kw name="Go To" library="SeleniumLibrary">
<arg>${LOGIN_URL}</arg>
<doc>Navigates the current browser window to the provided ``url``.</doc>
<msg timestamp="20231120 14:50:57.760" level="INFO">Opening url 'http://localhost:5001/login'</msg>
<status status="PASS" starttime="20231120 14:50:57.760" endtime="20231120 14:50:58.314"/>
</kw>
<status status="PASS" starttime="20231120 14:50:57.760" endtime="20231120 14:50:58.314"/>
</kw>
<kw name="Login Page Should Be Open" library="resource">
<kw name="Title Should Be" library="SeleniumLibrary">
<arg>Login</arg>
<doc>Verifies that the current page title equals ``title``.</doc>
<msg timestamp="20231120 14:50:58.825" level="INFO">Page title is 'Login'.</msg>
<status status="PASS" starttime="20231120 14:50:58.315" endtime="20231120 14:50:58.825"/>
</kw>
<status status="PASS" starttime="20231120 14:50:58.314" endtime="20231120 14:50:58.825"/>
</kw>
<status status="PASS" starttime="20231120 14:50:57.742" endtime="20231120 14:50:58.825"/>
</kw>
<kw name="Set Username">
<arg>kalle</arg>
<kw name="Input Text" library="SeleniumLibrary">
<arg>username</arg>
<arg>${username}</arg>
<doc>Types the given ``text`` into the text field identified by ``locator``.</doc>
<msg timestamp="20231120 14:50:58.828" level="INFO">Typing text 'kalle' into text field 'username'.</msg>
<status status="PASS" starttime="20231120 14:50:58.827" endtime="20231120 14:51:00.612"/>
</kw>
<status status="PASS" starttime="20231120 14:50:58.826" endtime="20231120 14:51:00.612"/>
</kw>
<kw name="Set Password">
<arg>kalle456</arg>
<kw name="Input Password" library="SeleniumLibrary">
<arg>password</arg>
<arg>${password}</arg>
<doc>Types the given password into the text field identified by ``locator``.</doc>
<msg timestamp="20231120 14:51:00.614" level="INFO">Typing password into text field 'password'.</msg>
<msg timestamp="20231120 14:51:01.662" level="INFO">Temporally setting log level to: NONE</msg>
<msg timestamp="20231120 14:51:02.230" level="INFO">Log level changed from NONE to INFO.</msg>
<status status="PASS" starttime="20231120 14:51:00.613" endtime="20231120 14:51:02.230"/>
</kw>
<status status="PASS" starttime="20231120 14:51:00.612" endtime="20231120 14:51:02.230"/>
</kw>
<kw name="Submit Credentials">
<kw name="Click Button" library="SeleniumLibrary">
<arg>Login</arg>
<doc>Clicks the button identified by ``locator``.</doc>
<msg timestamp="20231120 14:51:02.233" level="INFO">Clicking button 'Login'.</msg>
<status status="PASS" starttime="20231120 14:51:02.232" endtime="20231120 14:51:04.376"/>
</kw>
<status status="PASS" starttime="20231120 14:51:02.231" endtime="20231120 14:51:04.376"/>
</kw>
<kw name="Login Should Fail With Message">
<arg>Invalid username or password</arg>
<kw name="Login Page Should Be Open" library="resource">
<kw name="Title Should Be" library="SeleniumLibrary">
<arg>Login</arg>
<doc>Verifies that the current page title equals ``title``.</doc>
<msg timestamp="20231120 14:51:04.890" level="INFO">Page title is 'Login'.</msg>
<status status="PASS" starttime="20231120 14:51:04.378" endtime="20231120 14:51:04.890"/>
</kw>
<status status="PASS" starttime="20231120 14:51:04.378" endtime="20231120 14:51:04.891"/>
</kw>
<kw name="Page Should Contain" library="SeleniumLibrary">
<arg>${message}</arg>
<doc>Verifies that current page contains ``text``.</doc>
<msg timestamp="20231120 14:51:05.929" level="INFO">Current page contains text 'Invalid username or password'.</msg>
<status status="PASS" starttime="20231120 14:51:04.891" endtime="20231120 14:51:05.929"/>
</kw>
<status status="PASS" starttime="20231120 14:51:04.377" endtime="20231120 14:51:05.930"/>
</kw>
<status status="PASS" starttime="20231120 14:50:57.741" endtime="20231120 14:51:05.930"/>
</test>
<kw name="Close Browser" library="SeleniumLibrary" type="TEARDOWN">
<doc>Closes the current browser.</doc>
<status status="PASS" starttime="20231120 14:51:05.932" endtime="20231120 14:51:06.552"/>
</kw>
<status status="PASS" starttime="20231120 14:50:47.510" endtime="20231120 14:51:06.552"/>
</suite>
<status status="PASS" starttime="20231120 14:50:37.697" endtime="20231120 14:51:06.559"/>
</suite>
<statistics>
<total>
<stat pass="4" fail="0" skip="0">All Tests</stat>
</total>
<tag>
</tag>
<suite>
<stat pass="4" fail="0" skip="0" id="s1" name="Tests">Tests</stat>
<stat pass="2" fail="0" skip="0" id="s1-s1" name="Home">Tests.Home</stat>
<stat pass="2" fail="0" skip="0" id="s1-s2" name="Login">Tests.Login</stat>
</suite>
</statistics>
<errors>
</errors>
</robot>
