<?xml version="1.0" encoding="UTF-8"?>
<robot generator="Robot 6.1.1 (Python 3.11.5 on darwin)" generated="20231120 15:37:37.889" rpa="false" schemaversion="4">
<suite id="s1" name="Tests" source="/Users/ellamatilda/palautusrepositorio/viikko3/web-login/src/tests">
<suite id="s1-s1" name="Home" source="/Users/ellamatilda/palautusrepositorio/viikko3/web-login/src/tests/home.robot">
<kw name="Open And Configure Browser" library="resource" type="SETUP">
<kw name="Evaluate" library="BuiltIn">
<var>${options}</var>
<arg>sys.modules['selenium.webdriver'].ChromeOptions()</arg>
<arg>sys</arg>
<doc>Evaluates the given expression in Python and returns the result.</doc>
<msg timestamp="20231120 15:37:38.298" level="INFO">${options} = &lt;selenium.webdriver.chrome.options.Options object at 0x1111e7810&gt;</msg>
<status status="PASS" starttime="20231120 15:37:38.297" endtime="20231120 15:37:38.298"/>
</kw>
<kw name="Call Method" library="BuiltIn">
<arg>${options}</arg>
<arg>add_argument</arg>
<arg>--no-sandbox</arg>
<doc>Calls the named method of the given object with the provided arguments.</doc>
<status status="PASS" starttime="20231120 15:37:38.298" endtime="20231120 15:37:38.298"/>
</kw>
<kw name="Open Browser" library="SeleniumLibrary">
<arg>browser=chrome</arg>
<arg>options=${options}</arg>
<doc>Opens a new browser instance to the optional ``url``.</doc>
<msg timestamp="20231120 15:37:38.299" level="INFO">Opening browser 'chrome' to base url 'None'.</msg>
<status status="PASS" starttime="20231120 15:37:38.298" endtime="20231120 15:37:42.290"/>
</kw>
<kw name="Set Selenium Speed" library="SeleniumLibrary">
<arg>${DELAY}</arg>
<doc>Sets the delay that is waited after each Selenium command.</doc>
<status status="PASS" starttime="20231120 15:37:42.291" endtime="20231120 15:37:42.293"/>
</kw>
<status status="PASS" starttime="20231120 15:37:38.297" endtime="20231120 15:37:42.294"/>
</kw>
<test id="s1-s1-t1" name="Click Login Link" line="8">
<kw name="Go To Starting Page" library="resource" type="SETUP">
<kw name="Go To" library="SeleniumLibrary">
<arg>${HOME_URL}</arg>
<doc>Navigates the current browser window to the provided ``url``.</doc>
<msg timestamp="20231120 15:37:42.299" level="INFO">Opening url 'http://localhost:5001'</msg>
<status status="PASS" starttime="20231120 15:37:42.299" endtime="20231120 15:37:43.194"/>
</kw>
<status status="PASS" starttime="20231120 15:37:42.298" endtime="20231120 15:37:43.194"/>
</kw>
<kw name="Click Link" library="SeleniumLibrary">
<arg>Login</arg>
<doc>Clicks a link identified by ``locator``.</doc>
<msg timestamp="20231120 15:37:43.197" level="INFO">Clicking link 'Login'.</msg>
<status status="PASS" starttime="20231120 15:37:43.195" endtime="20231120 15:37:45.098"/>
</kw>
<kw name="Login Page Should Be Open" library="resource">
<kw name="Title Should Be" library="SeleniumLibrary">
<arg>Login</arg>
<doc>Verifies that the current page title equals ``title``.</doc>
<msg timestamp="20231120 15:37:45.615" level="INFO">Page title is 'Login'.</msg>
<status status="PASS" starttime="20231120 15:37:45.099" endtime="20231120 15:37:45.615"/>
</kw>
<status status="PASS" starttime="20231120 15:37:45.098" endtime="20231120 15:37:45.615"/>
</kw>
<status status="PASS" starttime="20231120 15:37:42.294" endtime="20231120 15:37:45.616"/>
</test>
<test id="s1-s1-t2" name="Click Register Link" line="12">
<kw name="Go To Starting Page" library="resource" type="SETUP">
<kw name="Go To" library="SeleniumLibrary">
<arg>${HOME_URL}</arg>
<doc>Navigates the current browser window to the provided ``url``.</doc>
<msg timestamp="20231120 15:37:45.619" level="INFO">Opening url 'http://localhost:5001'</msg>
<status status="PASS" starttime="20231120 15:37:45.618" endtime="20231120 15:37:46.184"/>
</kw>
<status status="PASS" starttime="20231120 15:37:45.618" endtime="20231120 15:37:46.184"/>
</kw>
<kw name="Click Link" library="SeleniumLibrary">
<arg>Register new user</arg>
<doc>Clicks a link identified by ``locator``.</doc>
<msg timestamp="20231120 15:37:46.185" level="INFO">Clicking link 'Register new user'.</msg>
<status status="PASS" starttime="20231120 15:37:46.184" endtime="20231120 15:37:47.913"/>
</kw>
<kw name="Register Page Should Be Open" library="resource">
<kw name="Title Should Be" library="SeleniumLibrary">
<arg>Register</arg>
<doc>Verifies that the current page title equals ``title``.</doc>
<msg timestamp="20231120 15:37:48.423" level="INFO">Page title is 'Register'.</msg>
<status status="PASS" starttime="20231120 15:37:47.914" endtime="20231120 15:37:48.424"/>
</kw>
<status status="PASS" starttime="20231120 15:37:47.913" endtime="20231120 15:37:48.424"/>
</kw>
<status status="PASS" starttime="20231120 15:37:45.617" endtime="20231120 15:37:48.424"/>
</test>
<kw name="Close Browser" library="SeleniumLibrary" type="TEARDOWN">
<doc>Closes the current browser.</doc>
<status status="PASS" starttime="20231120 15:37:48.426" endtime="20231120 15:37:49.056"/>
</kw>
<status status="PASS" starttime="20231120 15:37:37.919" endtime="20231120 15:37:49.057"/>
</suite>
<suite id="s1-s2" name="Login" source="/Users/ellamatilda/palautusrepositorio/viikko3/web-login/src/tests/login.robot">
<kw name="Open And Configure Browser" library="resource" type="SETUP">
<kw name="Evaluate" library="BuiltIn">
<var>${options}</var>
<arg>sys.modules['selenium.webdriver'].ChromeOptions()</arg>
<arg>sys</arg>
<doc>Evaluates the given expression in Python and returns the result.</doc>
<msg timestamp="20231120 15:37:49.068" level="INFO">${options} = &lt;selenium.webdriver.chrome.options.Options object at 0x111214d10&gt;</msg>
<status status="PASS" starttime="20231120 15:37:49.067" endtime="20231120 15:37:49.068"/>
</kw>
<kw name="Call Method" library="BuiltIn">
<arg>${options}</arg>
<arg>add_argument</arg>
<arg>--no-sandbox</arg>
<doc>Calls the named method of the given object with the provided arguments.</doc>
<status status="PASS" starttime="20231120 15:37:49.069" endtime="20231120 15:37:49.075"/>
</kw>
<kw name="Open Browser" library="SeleniumLibrary">
<arg>browser=chrome</arg>
<arg>options=${options}</arg>
<doc>Opens a new browser instance to the optional ``url``.</doc>
<msg timestamp="20231120 15:37:49.076" level="INFO">Opening browser 'chrome' to base url 'None'.</msg>
<status status="PASS" starttime="20231120 15:37:49.076" endtime="20231120 15:37:51.659"/>
</kw>
<kw name="Set Selenium Speed" library="SeleniumLibrary">
<arg>${DELAY}</arg>
<doc>Sets the delay that is waited after each Selenium command.</doc>
<status status="PASS" starttime="20231120 15:37:51.660" endtime="20231120 15:37:51.661"/>
</kw>
<status status="PASS" starttime="20231120 15:37:49.065" endtime="20231120 15:37:51.662"/>
</kw>
<test id="s1-s2-t1" name="Login With Correct Credentials" line="8">
<kw name="Create User And Go To Login Page" type="SETUP">
<kw name="Create User" library="AppLibrary">
<arg>kalle</arg>
<arg>kalle123</arg>
<status status="PASS" starttime="20231120 15:37:51.664" endtime="20231120 15:37:51.684"/>
</kw>
<kw name="Go To Login Page" library="resource">
<kw name="Go To" library="SeleniumLibrary">
<arg>${LOGIN_URL}</arg>
<doc>Navigates the current browser window to the provided ``url``.</doc>
<msg timestamp="20231120 15:37:51.686" level="INFO">Opening url 'http://localhost:5001/login'</msg>
<status status="PASS" starttime="20231120 15:37:51.685" endtime="20231120 15:37:52.541"/>
</kw>
<status status="PASS" starttime="20231120 15:37:51.685" endtime="20231120 15:37:52.541"/>
</kw>
<kw name="Login Page Should Be Open" library="resource">
<kw name="Title Should Be" library="SeleniumLibrary">
<arg>Login</arg>
<doc>Verifies that the current page title equals ``title``.</doc>
<msg timestamp="20231120 15:37:53.052" level="INFO">Page title is 'Login'.</msg>
<status status="PASS" starttime="20231120 15:37:52.541" endtime="20231120 15:37:53.052"/>
</kw>
<status status="PASS" starttime="20231120 15:37:52.541" endtime="20231120 15:37:53.052"/>
</kw>
<status status="PASS" starttime="20231120 15:37:51.663" endtime="20231120 15:37:53.053"/>
</kw>
<kw name="Set Username">
<arg>kalle</arg>
<kw name="Input Text" library="SeleniumLibrary">
<arg>username</arg>
<arg>${username}</arg>
<doc>Types the given ``text`` into the text field identified by ``locator``.</doc>
<msg timestamp="20231120 15:37:53.056" level="INFO">Typing text 'kalle' into text field 'username'.</msg>
<status status="PASS" starttime="20231120 15:37:53.054" endtime="20231120 15:37:54.803"/>
</kw>
<status status="PASS" starttime="20231120 15:37:53.053" endtime="20231120 15:37:54.804"/>
</kw>
<kw name="Set Password">
<arg>kalle123</arg>
<kw name="Input Password" library="SeleniumLibrary">
<arg>password</arg>
<arg>${password}</arg>
<doc>Types the given password into the text field identified by ``locator``.</doc>
<msg timestamp="20231120 15:37:54.806" level="INFO">Typing password into text field 'password'.</msg>
<msg timestamp="20231120 15:37:55.864" level="INFO">Temporally setting log level to: NONE</msg>
<msg timestamp="20231120 15:37:56.539" level="INFO">Log level changed from NONE to INFO.</msg>
<status status="PASS" starttime="20231120 15:37:54.805" endtime="20231120 15:37:56.539"/>
</kw>
<status status="PASS" starttime="20231120 15:37:54.804" endtime="20231120 15:37:56.540"/>
</kw>
<kw name="Submit Credentials">
<kw name="Click Button" library="SeleniumLibrary">
<arg>Login</arg>
<doc>Clicks the button identified by ``locator``.</doc>
<msg timestamp="20231120 15:37:56.541" level="INFO">Clicking button 'Login'.</msg>
<status status="PASS" starttime="20231120 15:37:56.540" endtime="20231120 15:37:58.670"/>
</kw>
<status status="PASS" starttime="20231120 15:37:56.540" endtime="20231120 15:37:58.670"/>
</kw>
<kw name="Login Should Succeed">
<kw name="Main Page Should Be Open" library="resource">
<kw name="Title Should Be" library="SeleniumLibrary">
<arg>Ohtu Application main page</arg>
<doc>Verifies that the current page title equals ``title``.</doc>
<msg timestamp="20231120 15:37:59.186" level="INFO">Page title is 'Ohtu Application main page'.</msg>
<status status="PASS" starttime="20231120 15:37:58.671" endtime="20231120 15:37:59.187"/>
</kw>
<status status="PASS" starttime="20231120 15:37:58.671" endtime="20231120 15:37:59.187"/>
</kw>
<status status="PASS" starttime="20231120 15:37:58.671" endtime="20231120 15:37:59.187"/>
</kw>
<status status="PASS" starttime="20231120 15:37:51.662" endtime="20231120 15:37:59.188"/>
</test>
<test id="s1-s2-t2" name="Login With Incorrect Password" line="14">
<kw name="Create User And Go To Login Page" type="SETUP">
<kw name="Create User" library="AppLibrary">
<arg>kalle</arg>
<arg>kalle123</arg>
<status status="PASS" starttime="20231120 15:37:59.190" endtime="20231120 15:37:59.209"/>
</kw>
<kw name="Go To Login Page" library="resource">
<kw name="Go To" library="SeleniumLibrary">
<arg>${LOGIN_URL}</arg>
<doc>Navigates the current browser window to the provided ``url``.</doc>
<msg timestamp="20231120 15:37:59.210" level="INFO">Opening url 'http://localhost:5001/login'</msg>
<status status="PASS" starttime="20231120 15:37:59.209" endtime="20231120 15:37:59.767"/>
</kw>
<status status="PASS" starttime="20231120 15:37:59.209" endtime="20231120 15:37:59.767"/>
</kw>
<kw name="Login Page Should Be Open" library="resource">
<kw name="Title Should Be" library="SeleniumLibrary">
<arg>Login</arg>
<doc>Verifies that the current page title equals ``title``.</doc>
<msg timestamp="20231120 15:38:00.280" level="INFO">Page title is 'Login'.</msg>
<status status="PASS" starttime="20231120 15:37:59.768" endtime="20231120 15:38:00.281"/>
</kw>
<status status="PASS" starttime="20231120 15:37:59.767" endtime="20231120 15:38:00.281"/>
</kw>
<status status="PASS" starttime="20231120 15:37:59.190" endtime="20231120 15:38:00.281"/>
</kw>
<kw name="Set Username">
<arg>kalle</arg>
<kw name="Input Text" library="SeleniumLibrary">
<arg>username</arg>
<arg>${username}</arg>
<doc>Types the given ``text`` into the text field identified by ``locator``.</doc>
<msg timestamp="20231120 15:38:00.283" level="INFO">Typing text 'kalle' into text field 'username'.</msg>
<status status="PASS" starttime="20231120 15:38:00.282" endtime="20231120 15:38:02.062"/>
</kw>
<status status="PASS" starttime="20231120 15:38:00.281" endtime="20231120 15:38:02.062"/>
</kw>
<kw name="Set Password">
<arg>kalle456</arg>
<kw name="Input Password" library="SeleniumLibrary">
<arg>password</arg>
<arg>${password}</arg>
<doc>Types the given password into the text field identified by ``locator``.</doc>
<msg timestamp="20231120 15:38:02.065" level="INFO">Typing password into text field 'password'.</msg>
<msg timestamp="20231120 15:38:03.199" level="INFO">Temporally setting log level to: NONE</msg>
<msg timestamp="20231120 15:38:03.797" level="INFO">Log level changed from NONE to INFO.</msg>
<status status="PASS" starttime="20231120 15:38:02.064" endtime="20231120 15:38:03.797"/>
</kw>
<status status="PASS" starttime="20231120 15:38:02.063" endtime="20231120 15:38:03.797"/>
</kw>
<kw name="Submit Credentials">
<kw name="Click Button" library="SeleniumLibrary">
<arg>Login</arg>
<doc>Clicks the button identified by ``locator``.</doc>
<msg timestamp="20231120 15:38:03.800" level="INFO">Clicking button 'Login'.</msg>
<status status="PASS" starttime="20231120 15:38:03.799" endtime="20231120 15:38:05.939"/>
</kw>
<status status="PASS" starttime="20231120 15:38:03.798" endtime="20231120 15:38:05.939"/>
</kw>
<kw name="Login Should Fail With Message">
<arg>Invalid username or password</arg>
<kw name="Login Page Should Be Open" library="resource">
<kw name="Title Should Be" library="SeleniumLibrary">
<arg>Login</arg>
<doc>Verifies that the current page title equals ``title``.</doc>
<msg timestamp="20231120 15:38:06.455" level="INFO">Page title is 'Login'.</msg>
<status status="PASS" starttime="20231120 15:38:05.943" endtime="20231120 15:38:06.455"/>
</kw>
<status status="PASS" starttime="20231120 15:38:05.942" endtime="20231120 15:38:06.455"/>
</kw>
<kw name="Page Should Contain" library="SeleniumLibrary">
<arg>${message}</arg>
<doc>Verifies that current page contains ``text``.</doc>
<msg timestamp="20231120 15:38:07.489" level="INFO">Current page contains text 'Invalid username or password'.</msg>
<status status="PASS" starttime="20231120 15:38:06.455" endtime="20231120 15:38:07.489"/>
</kw>
<status status="PASS" starttime="20231120 15:38:05.940" endtime="20231120 15:38:07.489"/>
</kw>
<status status="PASS" starttime="20231120 15:37:59.189" endtime="20231120 15:38:07.489"/>
</test>
<test id="s1-s2-t3" name="Login With Nonexistent Username" line="20">
<kw name="Create User And Go To Login Page" type="SETUP">
<kw name="Create User" library="AppLibrary">
<arg>kalle</arg>
<arg>kalle123</arg>
<status status="PASS" starttime="20231120 15:38:07.492" endtime="20231120 15:38:07.530"/>
</kw>
<kw name="Go To Login Page" library="resource">
<kw name="Go To" library="SeleniumLibrary">
<arg>${LOGIN_URL}</arg>
<doc>Navigates the current browser window to the provided ``url``.</doc>
<msg timestamp="20231120 15:38:07.532" level="INFO">Opening url 'http://localhost:5001/login'</msg>
<status status="PASS" starttime="20231120 15:38:07.532" endtime="20231120 15:38:08.144"/>
</kw>
<status status="PASS" starttime="20231120 15:38:07.531" endtime="20231120 15:38:08.145"/>
</kw>
<kw name="Login Page Should Be Open" library="resource">
<kw name="Title Should Be" library="SeleniumLibrary">
<arg>Login</arg>
<doc>Verifies that the current page title equals ``title``.</doc>
<msg timestamp="20231120 15:38:08.661" level="INFO">Page title is 'Login'.</msg>
<status status="PASS" starttime="20231120 15:38:08.146" endtime="20231120 15:38:08.661"/>
</kw>
<status status="PASS" starttime="20231120 15:38:08.145" endtime="20231120 15:38:08.661"/>
</kw>
<status status="PASS" starttime="20231120 15:38:07.492" endtime="20231120 15:38:08.661"/>
</kw>
<kw name="Set Username">
<arg>mikko</arg>
<kw name="Input Text" library="SeleniumLibrary">
<arg>username</arg>
<arg>${username}</arg>
<doc>Types the given ``text`` into the text field identified by ``locator``.</doc>
<msg timestamp="20231120 15:38:08.664" level="INFO">Typing text 'mikko' into text field 'username'.</msg>
<status status="PASS" starttime="20231120 15:38:08.662" endtime="20231120 15:38:10.280"/>
</kw>
<status status="PASS" starttime="20231120 15:38:08.662" endtime="20231120 15:38:10.280"/>
</kw>
<kw name="Set Password">
<arg>kalle123</arg>
<kw name="Input Password" library="SeleniumLibrary">
<arg>password</arg>
<arg>${password}</arg>
<doc>Types the given password into the text field identified by ``locator``.</doc>
<msg timestamp="20231120 15:38:10.286" level="INFO">Typing password into text field 'password'.</msg>
<msg timestamp="20231120 15:38:11.359" level="INFO">Temporally setting log level to: NONE</msg>
<msg timestamp="20231120 15:38:12.287" level="INFO">Log level changed from NONE to INFO.</msg>
<status status="PASS" starttime="20231120 15:38:10.284" endtime="20231120 15:38:12.288"/>
</kw>
<status status="PASS" starttime="20231120 15:38:10.281" endtime="20231120 15:38:12.288"/>
</kw>
<kw name="Submit Credentials">
<kw name="Click Button" library="SeleniumLibrary">
<arg>Login</arg>
<doc>Clicks the button identified by ``locator``.</doc>
<msg timestamp="20231120 15:38:12.289" level="INFO">Clicking button 'Login'.</msg>
<status status="PASS" starttime="20231120 15:38:12.289" endtime="20231120 15:38:14.600"/>
</kw>
<status status="PASS" starttime="20231120 15:38:12.288" endtime="20231120 15:38:14.600"/>
</kw>
<kw name="Login Should Fail With Message">
<arg>Invalid username or password</arg>
<kw name="Login Page Should Be Open" library="resource">
<kw name="Title Should Be" library="SeleniumLibrary">
<arg>Login</arg>
<doc>Verifies that the current page title equals ``title``.</doc>
<msg timestamp="20231120 15:38:15.128" level="INFO">Page title is 'Login'.</msg>
<status status="PASS" starttime="20231120 15:38:14.602" endtime="20231120 15:38:15.128"/>
</kw>
<status status="PASS" starttime="20231120 15:38:14.601" endtime="20231120 15:38:15.128"/>
</kw>
<kw name="Page Should Contain" library="SeleniumLibrary">
<arg>${message}</arg>
<doc>Verifies that current page contains ``text``.</doc>
<msg timestamp="20231120 15:38:16.160" level="INFO">Current page contains text 'Invalid username or password'.</msg>
<status status="PASS" starttime="20231120 15:38:15.128" endtime="20231120 15:38:16.161"/>
</kw>
<status status="PASS" starttime="20231120 15:38:14.601" endtime="20231120 15:38:16.161"/>
</kw>
<status status="PASS" starttime="20231120 15:38:07.490" endtime="20231120 15:38:16.161"/>
</test>
<kw name="Close Browser" library="SeleniumLibrary" type="TEARDOWN">
<doc>Closes the current browser.</doc>
<status status="PASS" starttime="20231120 15:38:16.162" endtime="20231120 15:38:16.846"/>
</kw>
<status status="PASS" starttime="20231120 15:37:49.059" endtime="20231120 15:38:16.846"/>
</suite>
<status status="PASS" starttime="20231120 15:37:37.890" endtime="20231120 15:38:16.850"/>
</suite>
<statistics>
<total>
<stat pass="5" fail="0" skip="0">All Tests</stat>
</total>
<tag>
</tag>
<suite>
<stat pass="5" fail="0" skip="0" id="s1" name="Tests">Tests</stat>
<stat pass="2" fail="0" skip="0" id="s1-s1" name="Home">Tests.Home</stat>
<stat pass="3" fail="0" skip="0" id="s1-s2" name="Login">Tests.Login</stat>
</suite>
</statistics>
<errors>
</errors>
</robot>
