<?xml version="1.0" encoding="UTF-8"?>
<robot generator="Robot 6.1.1 (Python 3.11.5 on darwin)" generated="20231120 21:30:39.563" rpa="false" schemaversion="4">
<suite id="s1" name="Tests" source="/Users/ellamatilda/palautusrepositorio/viikko3/web-login/src/tests">
<suite id="s1-s1" name="Home" source="/Users/ellamatilda/palautusrepositorio/viikko3/web-login/src/tests/home.robot">
<kw name="Open And Configure Browser" library="resource" type="SETUP">
<kw name="Evaluate" library="BuiltIn">
<var>${options}</var>
<arg>sys.modules['selenium.webdriver'].ChromeOptions()</arg>
<arg>sys</arg>
<doc>Evaluates the given expression in Python and returns the result.</doc>
<msg timestamp="20231120 21:30:39.780" level="INFO">${options} = &lt;selenium.webdriver.chrome.options.Options object at 0x107a7e290&gt;</msg>
<status status="PASS" starttime="20231120 21:30:39.779" endtime="20231120 21:30:39.780"/>
</kw>
<kw name="Call Method" library="BuiltIn">
<arg>${options}</arg>
<arg>add_argument</arg>
<arg>--no-sandbox</arg>
<doc>Calls the named method of the given object with the provided arguments.</doc>
<status status="PASS" starttime="20231120 21:30:39.780" endtime="20231120 21:30:39.780"/>
</kw>
<kw name="Call Method" library="BuiltIn">
<arg>${options}</arg>
<arg>add_argument</arg>
<arg>--headless</arg>
<doc>Calls the named method of the given object with the provided arguments.</doc>
<status status="PASS" starttime="20231120 21:30:39.780" endtime="20231120 21:30:39.781"/>
</kw>
<kw name="Open Browser" library="SeleniumLibrary">
<arg>browser=chrome</arg>
<arg>options=${options}</arg>
<doc>Opens a new browser instance to the optional ``url``.</doc>
<msg timestamp="20231120 21:30:39.781" level="INFO">Opening browser 'chrome' to base url 'None'.</msg>
<status status="PASS" starttime="20231120 21:30:39.781" endtime="20231120 21:30:41.197"/>
</kw>
<kw name="Set Selenium Speed" library="SeleniumLibrary">
<arg>${DELAY}</arg>
<doc>Sets the delay that is waited after each Selenium command.</doc>
<status status="PASS" starttime="20231120 21:30:41.197" endtime="20231120 21:30:41.198"/>
</kw>
<status status="PASS" starttime="20231120 21:30:39.779" endtime="20231120 21:30:41.198"/>
</kw>
<test id="s1-s1-t1" name="Click Login Link" line="8">
<kw name="Go To Starting Page" library="resource" type="SETUP">
<kw name="Go To" library="SeleniumLibrary">
<arg>${HOME_URL}</arg>
<doc>Navigates the current browser window to the provided ``url``.</doc>
<msg timestamp="20231120 21:30:41.202" level="INFO">Opening url 'http://localhost:5001'</msg>
<status status="PASS" starttime="20231120 21:30:41.201" endtime="20231120 21:30:41.385"/>
</kw>
<status status="PASS" starttime="20231120 21:30:41.200" endtime="20231120 21:30:41.385"/>
</kw>
<kw name="Click Link" library="SeleniumLibrary">
<arg>Login</arg>
<doc>Clicks a link identified by ``locator``.</doc>
<msg timestamp="20231120 21:30:41.388" level="INFO">Clicking link 'Login'.</msg>
<status status="PASS" starttime="20231120 21:30:41.386" endtime="20231120 21:30:41.505"/>
</kw>
<kw name="Login Page Should Be Open" library="resource">
<kw name="Title Should Be" library="SeleniumLibrary">
<arg>Login</arg>
<doc>Verifies that the current page title equals ``title``.</doc>
<msg timestamp="20231120 21:30:41.616" level="INFO">Page title is 'Login'.</msg>
<status status="PASS" starttime="20231120 21:30:41.506" endtime="20231120 21:30:41.616"/>
</kw>
<status status="PASS" starttime="20231120 21:30:41.506" endtime="20231120 21:30:41.616"/>
</kw>
<status status="PASS" starttime="20231120 21:30:41.199" endtime="20231120 21:30:41.617"/>
</test>
<test id="s1-s1-t2" name="Click Register Link" line="12">
<kw name="Go To Starting Page" library="resource" type="SETUP">
<kw name="Go To" library="SeleniumLibrary">
<arg>${HOME_URL}</arg>
<doc>Navigates the current browser window to the provided ``url``.</doc>
<msg timestamp="20231120 21:30:41.618" level="INFO">Opening url 'http://localhost:5001'</msg>
<status status="PASS" starttime="20231120 21:30:41.618" endtime="20231120 21:30:41.658"/>
</kw>
<status status="PASS" starttime="20231120 21:30:41.618" endtime="20231120 21:30:41.660"/>
</kw>
<kw name="Click Link" library="SeleniumLibrary">
<arg>Register new user</arg>
<doc>Clicks a link identified by ``locator``.</doc>
<msg timestamp="20231120 21:30:41.661" level="INFO">Clicking link 'Register new user'.</msg>
<status status="PASS" starttime="20231120 21:30:41.661" endtime="20231120 21:30:41.772"/>
</kw>
<kw name="Register Page Should Be Open" library="resource">
<kw name="Title Should Be" library="SeleniumLibrary">
<arg>Register</arg>
<doc>Verifies that the current page title equals ``title``.</doc>
<msg timestamp="20231120 21:30:41.778" level="INFO">Page title is 'Register'.</msg>
<status status="PASS" starttime="20231120 21:30:41.773" endtime="20231120 21:30:41.778"/>
</kw>
<status status="PASS" starttime="20231120 21:30:41.773" endtime="20231120 21:30:41.778"/>
</kw>
<status status="PASS" starttime="20231120 21:30:41.617" endtime="20231120 21:30:41.778"/>
</test>
<kw name="Close Browser" library="SeleniumLibrary" type="TEARDOWN">
<doc>Closes the current browser.</doc>
<status status="PASS" starttime="20231120 21:30:41.779" endtime="20231120 21:30:41.861"/>
</kw>
<status status="PASS" starttime="20231120 21:30:39.587" endtime="20231120 21:30:41.861"/>
</suite>
<suite id="s1-s2" name="Login" source="/Users/ellamatilda/palautusrepositorio/viikko3/web-login/src/tests/login.robot">
<kw name="Open And Configure Browser" library="resource" type="SETUP">
<kw name="Evaluate" library="BuiltIn">
<var>${options}</var>
<arg>sys.modules['selenium.webdriver'].ChromeOptions()</arg>
<arg>sys</arg>
<doc>Evaluates the given expression in Python and returns the result.</doc>
<msg timestamp="20231120 21:30:41.868" level="INFO">${options} = &lt;selenium.webdriver.chrome.options.Options object at 0x107ab80d0&gt;</msg>
<status status="PASS" starttime="20231120 21:30:41.867" endtime="20231120 21:30:41.868"/>
</kw>
<kw name="Call Method" library="BuiltIn">
<arg>${options}</arg>
<arg>add_argument</arg>
<arg>--no-sandbox</arg>
<doc>Calls the named method of the given object with the provided arguments.</doc>
<status status="PASS" starttime="20231120 21:30:41.868" endtime="20231120 21:30:41.868"/>
</kw>
<kw name="Call Method" library="BuiltIn">
<arg>${options}</arg>
<arg>add_argument</arg>
<arg>--headless</arg>
<doc>Calls the named method of the given object with the provided arguments.</doc>
<status status="PASS" starttime="20231120 21:30:41.868" endtime="20231120 21:30:41.868"/>
</kw>
<kw name="Open Browser" library="SeleniumLibrary">
<arg>browser=chrome</arg>
<arg>options=${options}</arg>
<doc>Opens a new browser instance to the optional ``url``.</doc>
<msg timestamp="20231120 21:30:41.869" level="INFO">Opening browser 'chrome' to base url 'None'.</msg>
<status status="PASS" starttime="20231120 21:30:41.869" endtime="20231120 21:30:43.223"/>
</kw>
<kw name="Set Selenium Speed" library="SeleniumLibrary">
<arg>${DELAY}</arg>
<doc>Sets the delay that is waited after each Selenium command.</doc>
<status status="PASS" starttime="20231120 21:30:43.224" endtime="20231120 21:30:43.224"/>
</kw>
<status status="PASS" starttime="20231120 21:30:41.867" endtime="20231120 21:30:43.224"/>
</kw>
<test id="s1-s2-t1" name="Login With Correct Credentials" line="8">
<kw name="Create User And Go To Login Page" type="SETUP">
<kw name="Create User" library="AppLibrary">
<arg>kalle</arg>
<arg>kalle123</arg>
<status status="PASS" starttime="20231120 21:30:43.226" endtime="20231120 21:30:43.243"/>
</kw>
<kw name="Go To Login Page" library="resource">
<kw name="Go To" library="SeleniumLibrary">
<arg>${LOGIN_URL}</arg>
<doc>Navigates the current browser window to the provided ``url``.</doc>
<msg timestamp="20231120 21:30:43.244" level="INFO">Opening url 'http://localhost:5001/login'</msg>
<status status="PASS" starttime="20231120 21:30:43.243" endtime="20231120 21:30:43.445"/>
</kw>
<status status="PASS" starttime="20231120 21:30:43.243" endtime="20231120 21:30:43.445"/>
</kw>
<kw name="Login Page Should Be Open" library="resource">
<kw name="Title Should Be" library="SeleniumLibrary">
<arg>Login</arg>
<doc>Verifies that the current page title equals ``title``.</doc>
<msg timestamp="20231120 21:30:43.456" level="INFO">Page title is 'Login'.</msg>
<status status="PASS" starttime="20231120 21:30:43.446" endtime="20231120 21:30:43.456"/>
</kw>
<status status="PASS" starttime="20231120 21:30:43.445" endtime="20231120 21:30:43.456"/>
</kw>
<status status="PASS" starttime="20231120 21:30:43.225" endtime="20231120 21:30:43.456"/>
</kw>
<kw name="Set Username">
<arg>kalle</arg>
<kw name="Input Text" library="SeleniumLibrary">
<arg>username</arg>
<arg>${username}</arg>
<doc>Types the given ``text`` into the text field identified by ``locator``.</doc>
<msg timestamp="20231120 21:30:43.458" level="INFO">Typing text 'kalle' into text field 'username'.</msg>
<status status="PASS" starttime="20231120 21:30:43.457" endtime="20231120 21:30:43.652"/>
</kw>
<status status="PASS" starttime="20231120 21:30:43.457" endtime="20231120 21:30:43.652"/>
</kw>
<kw name="Set Password">
<arg>kalle123</arg>
<kw name="Input Password" library="SeleniumLibrary">
<arg>password</arg>
<arg>${password}</arg>
<doc>Types the given password into the text field identified by ``locator``.</doc>
<msg timestamp="20231120 21:30:43.653" level="INFO">Typing password into text field 'password'.</msg>
<msg timestamp="20231120 21:30:43.695" level="INFO">Temporally setting log level to: NONE</msg>
<msg timestamp="20231120 21:30:43.862" level="INFO">Log level changed from NONE to INFO.</msg>
<status status="PASS" starttime="20231120 21:30:43.653" endtime="20231120 21:30:43.862"/>
</kw>
<status status="PASS" starttime="20231120 21:30:43.652" endtime="20231120 21:30:43.862"/>
</kw>
<kw name="Submit Credentials">
<kw name="Click Button" library="SeleniumLibrary">
<arg>Login</arg>
<doc>Clicks the button identified by ``locator``.</doc>
<msg timestamp="20231120 21:30:43.863" level="INFO">Clicking button 'Login'.</msg>
<status status="PASS" starttime="20231120 21:30:43.863" endtime="20231120 21:30:43.950"/>
</kw>
<status status="PASS" starttime="20231120 21:30:43.863" endtime="20231120 21:30:43.950"/>
</kw>
<kw name="Login Should Succeed">
<kw name="Main Page Should Be Open" library="resource">
<kw name="Title Should Be" library="SeleniumLibrary">
<arg>Ohtu Application main page</arg>
<doc>Verifies that the current page title equals ``title``.</doc>
<msg timestamp="20231120 21:30:43.957" level="INFO">Page title is 'Ohtu Application main page'.</msg>
<status status="PASS" starttime="20231120 21:30:43.951" endtime="20231120 21:30:43.958"/>
</kw>
<status status="PASS" starttime="20231120 21:30:43.951" endtime="20231120 21:30:43.958"/>
</kw>
<status status="PASS" starttime="20231120 21:30:43.950" endtime="20231120 21:30:43.958"/>
</kw>
<status status="PASS" starttime="20231120 21:30:43.225" endtime="20231120 21:30:43.958"/>
</test>
<test id="s1-s2-t2" name="Login With Incorrect Password" line="14">
<kw name="Create User And Go To Login Page" type="SETUP">
<kw name="Create User" library="AppLibrary">
<arg>kalle</arg>
<arg>kalle123</arg>
<status status="PASS" starttime="20231120 21:30:43.959" endtime="20231120 21:30:43.977"/>
</kw>
<kw name="Go To Login Page" library="resource">
<kw name="Go To" library="SeleniumLibrary">
<arg>${LOGIN_URL}</arg>
<doc>Navigates the current browser window to the provided ``url``.</doc>
<msg timestamp="20231120 21:30:43.978" level="INFO">Opening url 'http://localhost:5001/login'</msg>
<status status="PASS" starttime="20231120 21:30:43.977" endtime="20231120 21:30:43.997"/>
</kw>
<status status="PASS" starttime="20231120 21:30:43.977" endtime="20231120 21:30:43.997"/>
</kw>
<kw name="Login Page Should Be Open" library="resource">
<kw name="Title Should Be" library="SeleniumLibrary">
<arg>Login</arg>
<doc>Verifies that the current page title equals ``title``.</doc>
<msg timestamp="20231120 21:30:44.003" level="INFO">Page title is 'Login'.</msg>
<status status="PASS" starttime="20231120 21:30:43.997" endtime="20231120 21:30:44.003"/>
</kw>
<status status="PASS" starttime="20231120 21:30:43.997" endtime="20231120 21:30:44.003"/>
</kw>
<status status="PASS" starttime="20231120 21:30:43.959" endtime="20231120 21:30:44.003"/>
</kw>
<kw name="Set Username">
<arg>kalle</arg>
<kw name="Input Text" library="SeleniumLibrary">
<arg>username</arg>
<arg>${username}</arg>
<doc>Types the given ``text`` into the text field identified by ``locator``.</doc>
<msg timestamp="20231120 21:30:44.004" level="INFO">Typing text 'kalle' into text field 'username'.</msg>
<status status="PASS" starttime="20231120 21:30:44.003" endtime="20231120 21:30:44.100"/>
</kw>
<status status="PASS" starttime="20231120 21:30:44.003" endtime="20231120 21:30:44.101"/>
</kw>
<kw name="Set Password">
<arg>kalle456</arg>
<kw name="Input Password" library="SeleniumLibrary">
<arg>password</arg>
<arg>${password}</arg>
<doc>Types the given password into the text field identified by ``locator``.</doc>
<msg timestamp="20231120 21:30:44.102" level="INFO">Typing password into text field 'password'.</msg>
<msg timestamp="20231120 21:30:44.137" level="INFO">Temporally setting log level to: NONE</msg>
<msg timestamp="20231120 21:30:44.198" level="INFO">Log level changed from NONE to INFO.</msg>
<status status="PASS" starttime="20231120 21:30:44.101" endtime="20231120 21:30:44.198"/>
</kw>
<status status="PASS" starttime="20231120 21:30:44.101" endtime="20231120 21:30:44.198"/>
</kw>
<kw name="Submit Credentials">
<kw name="Click Button" library="SeleniumLibrary">
<arg>Login</arg>
<doc>Clicks the button identified by ``locator``.</doc>
<msg timestamp="20231120 21:30:44.199" level="INFO">Clicking button 'Login'.</msg>
<status status="PASS" starttime="20231120 21:30:44.198" endtime="20231120 21:30:44.282"/>
</kw>
<status status="PASS" starttime="20231120 21:30:44.198" endtime="20231120 21:30:44.282"/>
</kw>
<kw name="Login Should Fail With Message">
<arg>Invalid username or password</arg>
<kw name="Login Page Should Be Open" library="resource">
<kw name="Title Should Be" library="SeleniumLibrary">
<arg>Login</arg>
<doc>Verifies that the current page title equals ``title``.</doc>
<msg timestamp="20231120 21:30:44.291" level="INFO">Page title is 'Login'.</msg>
<status status="PASS" starttime="20231120 21:30:44.283" endtime="20231120 21:30:44.291"/>
</kw>
<status status="PASS" starttime="20231120 21:30:44.282" endtime="20231120 21:30:44.291"/>
</kw>
<kw name="Page Should Contain" library="SeleniumLibrary">
<arg>${message}</arg>
<doc>Verifies that current page contains ``text``.</doc>
<msg timestamp="20231120 21:30:44.313" level="INFO">Current page contains text 'Invalid username or password'.</msg>
<status status="PASS" starttime="20231120 21:30:44.291" endtime="20231120 21:30:44.313"/>
</kw>
<status status="PASS" starttime="20231120 21:30:44.282" endtime="20231120 21:30:44.313"/>
</kw>
<status status="PASS" starttime="20231120 21:30:43.959" endtime="20231120 21:30:44.314"/>
</test>
<test id="s1-s2-t3" name="Login With Nonexistent Username" line="20">
<kw name="Create User And Go To Login Page" type="SETUP">
<kw name="Create User" library="AppLibrary">
<arg>kalle</arg>
<arg>kalle123</arg>
<status status="PASS" starttime="20231120 21:30:44.315" endtime="20231120 21:30:44.332"/>
</kw>
<kw name="Go To Login Page" library="resource">
<kw name="Go To" library="SeleniumLibrary">
<arg>${LOGIN_URL}</arg>
<doc>Navigates the current browser window to the provided ``url``.</doc>
<msg timestamp="20231120 21:30:44.332" level="INFO">Opening url 'http://localhost:5001/login'</msg>
<status status="PASS" starttime="20231120 21:30:44.332" endtime="20231120 21:30:44.352"/>
</kw>
<status status="PASS" starttime="20231120 21:30:44.332" endtime="20231120 21:30:44.352"/>
</kw>
<kw name="Login Page Should Be Open" library="resource">
<kw name="Title Should Be" library="SeleniumLibrary">
<arg>Login</arg>
<doc>Verifies that the current page title equals ``title``.</doc>
<msg timestamp="20231120 21:30:44.358" level="INFO">Page title is 'Login'.</msg>
<status status="PASS" starttime="20231120 21:30:44.352" endtime="20231120 21:30:44.358"/>
</kw>
<status status="PASS" starttime="20231120 21:30:44.352" endtime="20231120 21:30:44.358"/>
</kw>
<status status="PASS" starttime="20231120 21:30:44.315" endtime="20231120 21:30:44.358"/>
</kw>
<kw name="Set Username">
<arg>mikko</arg>
<kw name="Input Text" library="SeleniumLibrary">
<arg>username</arg>
<arg>${username}</arg>
<doc>Types the given ``text`` into the text field identified by ``locator``.</doc>
<msg timestamp="20231120 21:30:44.360" level="INFO">Typing text 'mikko' into text field 'username'.</msg>
<status status="PASS" starttime="20231120 21:30:44.359" endtime="20231120 21:30:44.453"/>
</kw>
<status status="PASS" starttime="20231120 21:30:44.359" endtime="20231120 21:30:44.454"/>
</kw>
<kw name="Set Password">
<arg>kalle123</arg>
<kw name="Input Password" library="SeleniumLibrary">
<arg>password</arg>
<arg>${password}</arg>
<doc>Types the given password into the text field identified by ``locator``.</doc>
<msg timestamp="20231120 21:30:44.455" level="INFO">Typing password into text field 'password'.</msg>
<msg timestamp="20231120 21:30:44.489" level="INFO">Temporally setting log level to: NONE</msg>
<msg timestamp="20231120 21:30:44.537" level="INFO">Log level changed from NONE to INFO.</msg>
<status status="PASS" starttime="20231120 21:30:44.454" endtime="20231120 21:30:44.537"/>
</kw>
<status status="PASS" starttime="20231120 21:30:44.454" endtime="20231120 21:30:44.537"/>
</kw>
<kw name="Submit Credentials">
<kw name="Click Button" library="SeleniumLibrary">
<arg>Login</arg>
<doc>Clicks the button identified by ``locator``.</doc>
<msg timestamp="20231120 21:30:44.538" level="INFO">Clicking button 'Login'.</msg>
<status status="PASS" starttime="20231120 21:30:44.538" endtime="20231120 21:30:44.604"/>
</kw>
<status status="PASS" starttime="20231120 21:30:44.537" endtime="20231120 21:30:44.604"/>
</kw>
<kw name="Login Should Fail With Message">
<arg>Invalid username or password</arg>
<kw name="Login Page Should Be Open" library="resource">
<kw name="Title Should Be" library="SeleniumLibrary">
<arg>Login</arg>
<doc>Verifies that the current page title equals ``title``.</doc>
<msg timestamp="20231120 21:30:44.612" level="INFO">Page title is 'Login'.</msg>
<status status="PASS" starttime="20231120 21:30:44.605" endtime="20231120 21:30:44.612"/>
</kw>
<status status="PASS" starttime="20231120 21:30:44.605" endtime="20231120 21:30:44.612"/>
</kw>
<kw name="Page Should Contain" library="SeleniumLibrary">
<arg>${message}</arg>
<doc>Verifies that current page contains ``text``.</doc>
<msg timestamp="20231120 21:30:44.624" level="INFO">Current page contains text 'Invalid username or password'.</msg>
<status status="PASS" starttime="20231120 21:30:44.612" endtime="20231120 21:30:44.624"/>
</kw>
<status status="PASS" starttime="20231120 21:30:44.605" endtime="20231120 21:30:44.624"/>
</kw>
<status status="PASS" starttime="20231120 21:30:44.314" endtime="20231120 21:30:44.624"/>
</test>
<kw name="Close Browser" library="SeleniumLibrary" type="TEARDOWN">
<doc>Closes the current browser.</doc>
<status status="PASS" starttime="20231120 21:30:44.625" endtime="20231120 21:30:44.700"/>
</kw>
<status status="PASS" starttime="20231120 21:30:41.862" endtime="20231120 21:30:44.700"/>
</suite>
<suite id="s1-s3" name="Register" source="/Users/ellamatilda/palautusrepositorio/viikko3/web-login/src/tests/register.robot">
<kw name="Open And Configure Browser" library="resource" type="SETUP">
<kw name="Evaluate" library="BuiltIn">
<var>${options}</var>
<arg>sys.modules['selenium.webdriver'].ChromeOptions()</arg>
<arg>sys</arg>
<doc>Evaluates the given expression in Python and returns the result.</doc>
<msg timestamp="20231120 21:30:44.709" level="INFO">${options} = &lt;selenium.webdriver.chrome.options.Options object at 0x107aad890&gt;</msg>
<status status="PASS" starttime="20231120 21:30:44.709" endtime="20231120 21:30:44.709"/>
</kw>
<kw name="Call Method" library="BuiltIn">
<arg>${options}</arg>
<arg>add_argument</arg>
<arg>--no-sandbox</arg>
<doc>Calls the named method of the given object with the provided arguments.</doc>
<status status="PASS" starttime="20231120 21:30:44.709" endtime="20231120 21:30:44.709"/>
</kw>
<kw name="Call Method" library="BuiltIn">
<arg>${options}</arg>
<arg>add_argument</arg>
<arg>--headless</arg>
<doc>Calls the named method of the given object with the provided arguments.</doc>
<status status="PASS" starttime="20231120 21:30:44.710" endtime="20231120 21:30:44.710"/>
</kw>
<kw name="Open Browser" library="SeleniumLibrary">
<arg>browser=chrome</arg>
<arg>options=${options}</arg>
<doc>Opens a new browser instance to the optional ``url``.</doc>
<msg timestamp="20231120 21:30:44.710" level="INFO">Opening browser 'chrome' to base url 'None'.</msg>
<status status="PASS" starttime="20231120 21:30:44.710" endtime="20231120 21:30:46.019"/>
</kw>
<kw name="Set Selenium Speed" library="SeleniumLibrary">
<arg>${DELAY}</arg>
<doc>Sets the delay that is waited after each Selenium command.</doc>
<status status="PASS" starttime="20231120 21:30:46.019" endtime="20231120 21:30:46.020"/>
</kw>
<status status="PASS" starttime="20231120 21:30:44.708" endtime="20231120 21:30:46.020"/>
</kw>
<test id="s1-s3-t1" name="Register With Valid Username And Password" line="9">
<kw name="Go To Register Page" library="resource" type="SETUP">
<kw name="Go To" library="SeleniumLibrary">
<arg>${REGISTER_URL}</arg>
<doc>Navigates the current browser window to the provided ``url``.</doc>
<msg timestamp="20231120 21:30:46.022" level="INFO">Opening url 'http://localhost:5001/register'</msg>
<status status="PASS" starttime="20231120 21:30:46.021" endtime="20231120 21:30:46.230"/>
</kw>
<status status="PASS" starttime="20231120 21:30:46.021" endtime="20231120 21:30:46.230"/>
</kw>
<kw name="Set Username">
<arg>kalle</arg>
<kw name="Input Text" library="SeleniumLibrary">
<arg>username</arg>
<arg>${username}</arg>
<doc>Types the given ``text`` into the text field identified by ``locator``.</doc>
<msg timestamp="20231120 21:30:46.232" level="INFO">Typing text 'kalle' into text field 'username'.</msg>
<status status="PASS" starttime="20231120 21:30:46.231" endtime="20231120 21:30:46.441"/>
</kw>
<status status="PASS" starttime="20231120 21:30:46.230" endtime="20231120 21:30:46.441"/>
</kw>
<kw name="Set Password">
<arg>kalle123</arg>
<kw name="Input Password" library="SeleniumLibrary">
<arg>password</arg>
<arg>${password}</arg>
<doc>Types the given password into the text field identified by ``locator``.</doc>
<msg timestamp="20231120 21:30:46.443" level="INFO">Typing password into text field 'password'.</msg>
<msg timestamp="20231120 21:30:46.483" level="INFO">Temporally setting log level to: NONE</msg>
<msg timestamp="20231120 21:30:46.638" level="INFO">Log level changed from NONE to INFO.</msg>
<status status="PASS" starttime="20231120 21:30:46.442" endtime="20231120 21:30:46.638"/>
</kw>
<status status="PASS" starttime="20231120 21:30:46.442" endtime="20231120 21:30:46.638"/>
</kw>
<kw name="Set Password Confirmation">
<arg>kalle123</arg>
<kw name="Input Password" library="SeleniumLibrary">
<arg>password_confirmation</arg>
<arg>${password}</arg>
<doc>Types the given password into the text field identified by ``locator``.</doc>
<msg timestamp="20231120 21:30:46.639" level="INFO">Typing password into text field 'password_confirmation'.</msg>
<msg timestamp="20231120 21:30:46.672" level="INFO">Temporally setting log level to: NONE</msg>
<msg timestamp="20231120 21:30:46.724" level="INFO">Log level changed from NONE to INFO.</msg>
<status status="PASS" starttime="20231120 21:30:46.638" endtime="20231120 21:30:46.724"/>
</kw>
<status status="PASS" starttime="20231120 21:30:46.638" endtime="20231120 21:30:46.724"/>
</kw>
<kw name="Submit Credentials">
<kw name="Click Button" library="SeleniumLibrary">
<arg>Register</arg>
<doc>Clicks the button identified by ``locator``.</doc>
<msg timestamp="20231120 21:30:46.725" level="INFO">Clicking button 'Register'.</msg>
<status status="PASS" starttime="20231120 21:30:46.724" endtime="20231120 21:30:46.813"/>
</kw>
<status status="PASS" starttime="20231120 21:30:46.724" endtime="20231120 21:30:46.813"/>
</kw>
<kw name="Register Should Succeed">
<kw name="Go To Welcome to Ohtu Application! Page" library="resource">
<kw name="Go To" library="SeleniumLibrary">
<arg>${WELCOME_URL}</arg>
<doc>Navigates the current browser window to the provided ``url``.</doc>
<msg timestamp="20231120 21:30:46.814" level="INFO">Opening url 'http://localhost:5001/welcome'</msg>
<status status="PASS" starttime="20231120 21:30:46.813" endtime="20231120 21:30:46.829"/>
</kw>
<status status="PASS" starttime="20231120 21:30:46.813" endtime="20231120 21:30:46.829"/>
</kw>
<status status="PASS" starttime="20231120 21:30:46.813" endtime="20231120 21:30:46.829"/>
</kw>
<status status="PASS" starttime="20231120 21:30:46.020" endtime="20231120 21:30:46.830"/>
</test>
<test id="s1-s3-t2" name="Register With Too Short Username And Valid Password" line="17">
<kw name="Go To Register Page" library="resource" type="SETUP">
<kw name="Go To" library="SeleniumLibrary">
<arg>${REGISTER_URL}</arg>
<doc>Navigates the current browser window to the provided ``url``.</doc>
<msg timestamp="20231120 21:30:46.831" level="INFO">Opening url 'http://localhost:5001/register'</msg>
<status status="PASS" starttime="20231120 21:30:46.831" endtime="20231120 21:30:46.855"/>
</kw>
<status status="PASS" starttime="20231120 21:30:46.831" endtime="20231120 21:30:46.855"/>
</kw>
<kw name="Set Username">
<arg>ka</arg>
<kw name="Input Text" library="SeleniumLibrary">
<arg>username</arg>
<arg>${username}</arg>
<doc>Types the given ``text`` into the text field identified by ``locator``.</doc>
<msg timestamp="20231120 21:30:46.856" level="INFO">Typing text 'ka' into text field 'username'.</msg>
<status status="PASS" starttime="20231120 21:30:46.855" endtime="20231120 21:30:46.945"/>
</kw>
<status status="PASS" starttime="20231120 21:30:46.855" endtime="20231120 21:30:46.945"/>
</kw>
<kw name="Set Password">
<arg>kalle123</arg>
<kw name="Input Password" library="SeleniumLibrary">
<arg>password</arg>
<arg>${password}</arg>
<doc>Types the given password into the text field identified by ``locator``.</doc>
<msg timestamp="20231120 21:30:46.946" level="INFO">Typing password into text field 'password'.</msg>
<msg timestamp="20231120 21:30:46.984" level="INFO">Temporally setting log level to: NONE</msg>
<msg timestamp="20231120 21:30:47.037" level="INFO">Log level changed from NONE to INFO.</msg>
<status status="PASS" starttime="20231120 21:30:46.946" endtime="20231120 21:30:47.037"/>
</kw>
<status status="PASS" starttime="20231120 21:30:46.945" endtime="20231120 21:30:47.038"/>
</kw>
<kw name="Submit Credentials">
<kw name="Click Button" library="SeleniumLibrary">
<arg>Register</arg>
<doc>Clicks the button identified by ``locator``.</doc>
<msg timestamp="20231120 21:30:47.039" level="INFO">Clicking button 'Register'.</msg>
<status status="PASS" starttime="20231120 21:30:47.038" endtime="20231120 21:30:47.111"/>
</kw>
<status status="PASS" starttime="20231120 21:30:47.038" endtime="20231120 21:30:47.111"/>
</kw>
<kw name="Register Should Fail With Message">
<arg>Invalid username or password</arg>
<kw name="Register Page Should Be Open" library="resource">
<kw name="Title Should Be" library="SeleniumLibrary">
<arg>Register</arg>
<doc>Verifies that the current page title equals ``title``.</doc>
<msg timestamp="20231120 21:30:47.117" level="INFO">Page title is 'Register'.</msg>
<status status="PASS" starttime="20231120 21:30:47.112" endtime="20231120 21:30:47.118"/>
</kw>
<status status="PASS" starttime="20231120 21:30:47.111" endtime="20231120 21:30:47.118"/>
</kw>
<kw name="Page Should Contain" library="SeleniumLibrary">
<arg>${message}</arg>
<doc>Verifies that current page contains ``text``.</doc>
<msg timestamp="20231120 21:30:47.343" level="INFO" html="true">&lt;/td&gt;&lt;/tr&gt;&lt;tr&gt;&lt;td colspan="3"&gt;&lt;a href="selenium-screenshot-7.png"&gt;&lt;img src="selenium-screenshot-7.png" width="800px"&gt;&lt;/a&gt;</msg>
<msg timestamp="20231120 21:30:47.343" level="FAIL">Page should have contained text 'Invalid username or password' but did not.</msg>
<status status="FAIL" starttime="20231120 21:30:47.118" endtime="20231120 21:30:47.345"/>
</kw>
<status status="FAIL" starttime="20231120 21:30:47.111" endtime="20231120 21:30:47.345"/>
</kw>
<status status="FAIL" starttime="20231120 21:30:46.830" endtime="20231120 21:30:47.345">Page should have contained text 'Invalid username or password' but did not.</status>
</test>
<test id="s1-s3-t3" name="Register With Valid Username And Invalid Password" line="23">
<status status="FAIL" starttime="20231120 21:30:47.346" endtime="20231120 21:30:47.346">Test cannot be empty.</status>
</test>
<test id="s1-s3-t4" name="Register With Nonmatching Password And Password Confirmation" line="27">
<status status="FAIL" starttime="20231120 21:30:47.346" endtime="20231120 21:30:47.347">Test cannot be empty.</status>
</test>
<kw name="Close Browser" library="SeleniumLibrary" type="TEARDOWN">
<doc>Closes the current browser.</doc>
<status status="PASS" starttime="20231120 21:30:47.347" endtime="20231120 21:30:47.422"/>
</kw>
<status status="FAIL" starttime="20231120 21:30:44.703" endtime="20231120 21:30:47.422"/>
</suite>
<status status="FAIL" starttime="20231120 21:30:39.565" endtime="20231120 21:30:47.425"/>
</suite>
<statistics>
<total>
<stat pass="6" fail="3" skip="0">All Tests</stat>
</total>
<tag>
</tag>
<suite>
<stat pass="6" fail="3" skip="0" id="s1" name="Tests">Tests</stat>
<stat pass="2" fail="0" skip="0" id="s1-s1" name="Home">Tests.Home</stat>
<stat pass="3" fail="0" skip="0" id="s1-s2" name="Login">Tests.Login</stat>
<stat pass="1" fail="3" skip="0" id="s1-s3" name="Register">Tests.Register</stat>
</suite>
</statistics>
<errors>
</errors>
</robot>
