<?xml version="1.0" encoding="UTF-8"?>
<robot generator="Robot 6.1.1 (Python 3.11.5 on darwin)" generated="20231117 15:21:50.202" rpa="false" schemaversion="4">
<suite id="s1" name="Tests" source="/Users/ellamatilda/palautusrepositorio/viikko3/login-robot/src/tests">
<suite id="s1-s1" name="Login" source="/Users/ellamatilda/palautusrepositorio/viikko3/login-robot/src/tests/login.robot">
<test id="s1-s1-t1" name="Login With Correct Credentials" line="6">
<kw name="Create User And Input Login Command" type="SETUP">
<kw name="Create User" library="AppLibrary">
<arg>kalle</arg>
<arg>kalle123</arg>
<status status="PASS" starttime="20231117 15:21:50.261" endtime="20231117 15:21:50.261"/>
</kw>
<kw name="Input Login Command" library="resource">
<kw name="Input" library="AppLibrary">
<arg>login</arg>
<status status="PASS" starttime="20231117 15:21:50.261" endtime="20231117 15:21:50.261"/>
</kw>
<status status="PASS" starttime="20231117 15:21:50.261" endtime="20231117 15:21:50.261"/>
</kw>
<status status="PASS" starttime="20231117 15:21:50.260" endtime="20231117 15:21:50.261"/>
</kw>
<kw name="Input Credentials" library="resource">
<arg>kalle</arg>
<arg>kalle123</arg>
<kw name="Input" library="AppLibrary">
<arg>${username}</arg>
<status status="PASS" starttime="20231117 15:21:50.262" endtime="20231117 15:21:50.262"/>
</kw>
<kw name="Input" library="AppLibrary">
<arg>${password}</arg>
<status status="PASS" starttime="20231117 15:21:50.262" endtime="20231117 15:21:50.262"/>
</kw>
<kw name="Run Application" library="AppLibrary">
<status status="PASS" starttime="20231117 15:21:50.262" endtime="20231117 15:21:50.262"/>
</kw>
<status status="PASS" starttime="20231117 15:21:50.261" endtime="20231117 15:21:50.262"/>
</kw>
<kw name="Output Should Contain" library="AppLibrary">
<arg>Logged in</arg>
<status status="PASS" starttime="20231117 15:21:50.263" endtime="20231117 15:21:50.263"/>
</kw>
<status status="PASS" starttime="20231117 15:21:50.260" endtime="20231117 15:21:50.263"/>
</test>
<status status="PASS" starttime="20231117 15:21:50.249" endtime="20231117 15:21:50.263"/>
</suite>
<status status="PASS" starttime="20231117 15:21:50.203" endtime="20231117 15:21:50.264"/>
</suite>
<statistics>
<total>
<stat pass="1" fail="0" skip="0">All Tests</stat>
</total>
<tag>
</tag>
<suite>
<stat pass="1" fail="0" skip="0" id="s1" name="Tests">Tests</stat>
<stat pass="1" fail="0" skip="0" id="s1-s1" name="Login">Tests.Login</stat>
</suite>
</statistics>
<errors>
</errors>
</robot>
